c:\users\1\source\repos\220204\220204\x64\debug\vc143.pdb
c:\users\1\source\repos\220204\220204\x64\debug\vc143.idb
c:\users\1\source\repos\220204\220204\x64\debug\dynamicassignment.obj
c:\users\1\source\repos\220204\220204\x64\debug\virtualfunction.obj
c:\users\1\source\repos\220204\220204\x64\debug\template.obj
c:\users\1\source\repos\220204\220204\x64\debug\classtemplate.obj
c:\users\1\source\repos\220204\220204\x64\debug\trycatch.obj
c:\users\1\source\repos\220204\220204\x64\debug\funcobject.obj
c:\users\1\source\repos\220204\220204\x64\debug\funcpointer.obj
c:\users\1\source\repos\220204\220204\x64\debug\functor.obj
c:\users\1\source\repos\220204\220204\x64\debug\stl_less.obj
c:\users\1\source\repos\220204\220204\x64\debug\template4-1.obj
c:\users\1\source\repos\220204\220204\x64\debug\template4-16.obj
c:\users\1\source\repos\220204\220204\x64\debug\template4-21.obj
c:\users\1\source\repos\220204\220204\x64\debug\stl_vector.obj
c:\users\1\source\repos\220204\x64\debug\220204.exe
c:\users\1\source\repos\220204\220204\x64\debug\220204.ilk
c:\users\1\source\repos\220204\x64\debug\220204.pdb
c:\users\1\source\repos\220204\220204\x64\debug\220204.tlog\cl.command.1.tlog
c:\users\1\source\repos\220204\220204\x64\debug\220204.tlog\cl.read.1.tlog
c:\users\1\source\repos\220204\220204\x64\debug\220204.tlog\cl.write.1.tlog
c:\users\1\source\repos\220204\220204\x64\debug\220204.tlog\link.command.1.tlog
c:\users\1\source\repos\220204\220204\x64\debug\220204.tlog\link.read.1.tlog
c:\users\1\source\repos\220204\220204\x64\debug\220204.tlog\link.write.1.tlog
